Release 10.1 reportgen K.31 (lin)
Copyright (c) 1995-2008 Xilinx, Inc.  All rights reserved.

octopus::  Wed Jan 07 17:36:25 2015

/opt/xilinx/10.1/ISE/bin/lin/unwrapped/reportgen -intstyle ise -delay -o bbc2
bbc2.ncd 

Loading device for application Rf_Device from file 'v200.nph' in environment
/opt/xilinx/10.1/ISE.
   "bbc2" is an NCD, version 3.2, device xc2s200, package fg256, speed -5
ReportGen:LoadDesign: 'bbc2.ncd'
Initializing temperature to 85.000 Celsius. (default - Range: -40.000 to 100.000
Celsius)
Initializing voltage to 2.375 Volts. (default - Range: 2.375 to 2.625 Volts)
Device speed data version:  "PRODUCTION 1.27 2008-01-09".

Generating Delay Report: bbc2.dly


   The Delay Summary Report


The NUMBER OF SIGNALS NOT COMPLETELY ROUTED for this design is: 0

   The AVERAGE CONNECTION DELAY for this design is:        2.240
   The MAXIMUM PIN DELAY IS:                               9.180
   The AVERAGE CONNECTION DELAY on the 10 WORST NETS is:   7.220

   Listing Pin Delays by value: (nsec)

    d < 2.00   < d < 4.00  < d < 6.00  < d < 8.00  < d < 10.00  d >= 10.00
   ---------   ---------   ---------   ---------   ---------   ---------
        4398        3297         675         232          18           0


**************************
Generating Clock Report
**************************

+---------------------+--------------+------+------+------------+-------------+
|        Clock Net    |   Resource   |Locked|Fanout|Net Skew(ns)|Max Delay(ns)|
+---------------------+--------------+------+------+------------+-------------+
|               clk1x |      GCLKBUF2|Yes   |  223 |  0.501     |  0.794      |
+---------------------+--------------+------+------+------------+-------------+
|               clkdv |      GCLKBUF3|Yes   |  154 |  0.501     |  0.794      |
+---------------------+--------------+------+------+------------+-------------+

* Net Skew is the difference between the minimum and maximum routing
only delays for the net. Note this is different from Clock Skew which
is reported in TRCE timing report. Clock Skew is the difference between
the minimum and maximum path delays which includes logic delays.


Number of error messages: 0
Number of warning messages: 0
Number of info messages: 0

reportgen done!
