Release 10.1 - xst K.31 (lin)
Copyright (c) 1995-2008 Xilinx, Inc.  All rights reserved.
--> 
Parameter TMPDIR set to /home/jules/code/tube/dwnldpar/xst/projnav.tmp


Total REAL time to Xst completion: 0.00 secs
Total CPU time to Xst completion: 0.04 secs
 
--> 
Parameter xsthdpdir set to /home/jules/code/tube/dwnldpar/xst


Total REAL time to Xst completion: 0.00 secs
Total CPU time to Xst completion: 0.04 secs
 
--> 
Reading design: dwnldpar.prj

TABLE OF CONTENTS
  1) Synthesis Options Summary
  2) HDL Compilation
  3) Design Hierarchy Analysis
  4) HDL Analysis
  5) HDL Synthesis
     5.1) HDL Synthesis Report
  6) Advanced HDL Synthesis
     6.1) Advanced HDL Synthesis Report
  7) Low Level Synthesis
  8) Partition Report
  9) Final Report

=========================================================================
*                      Synthesis Options Summary                        *
=========================================================================
---- Source Parameters
Input File Name                    : "dwnldpar.prj"
Input Format                       : mixed
Ignore Synthesis Constraint File   : NO

---- Target Parameters
Output File Name                   : "dwnldpar"
Output Format                      : NGC
Target Device                      : XC9500XL CPLDs

---- Source Options
Top Module Name                    : dwnldpar
Automatic FSM Extraction           : YES
FSM Encoding Algorithm             : Auto
Safe Implementation                : No
Mux Extraction                     : YES
Resource Sharing                   : YES

---- Target Options
Add IO Buffers                     : YES
MACRO Preserve                     : YES
XOR Preserve                       : YES
Equivalent register Removal        : YES

---- General Options
Optimization Goal                  : Speed
Optimization Effort                : 1
Library Search Order               : dwnldpar.lso
Keep Hierarchy                     : YES
Netlist Hierarchy                  : as_optimized
RTL Output                         : Yes
Hierarchy Separator                : /
Bus Delimiter                      : <>
Case Specifier                     : maintain
Verilog 2001                       : YES

---- Other Options
Clock Enable                       : YES
wysiwyg                            : NO

=========================================================================


=========================================================================
*                          HDL Compilation                              *
=========================================================================
Compiling vhdl file "/home/jules/code/tube/dwnldpar/dwnldpar.vhd" in Library work.
Architecture arch of Entity dwnldpar is up to date.

=========================================================================
*                     Design Hierarchy Analysis                         *
=========================================================================
Analyzing hierarchy for entity <dwnldpar> in library <work> (architecture <arch>).


=========================================================================
*                            HDL Analysis                               *
=========================================================================
Analyzing Entity <dwnldpar> in library <work> (Architecture <arch>).
Entity <dwnldpar> analyzed. Unit <dwnldpar> generated.


=========================================================================
*                           HDL Synthesis                               *
=========================================================================

Performing bidirectional port resolution...

Synthesizing Unit <dwnldpar>.
    Related source file is "/home/jules/code/tube/dwnldpar/dwnldpar.vhd".
WARNING:Xst:737 - Found 3-bit latch for signal <pp_s>. Latches may be generated from incomplete case or if statements. We do not recommend the use of latches in FPGA/CPLD designs, as they may lead to timing problems.
    Found 1-bit tristate buffer for signal <fpga_prog_n>.
    Found 1-bit tristate buffer for signal <fpga_cs_n>.
    Found 1-bit tristate buffer for signal <fpga_wr_n>.
    Found 8-bit tristate buffer for signal <fpga_d>.
    Found 8-bit tristate buffer for signal <fpga_pp_d>.
    Found 2-bit up counter for signal <clk_divider>.
    Found 4-bit register for signal <config_data>.
    Summary:
	inferred   1 Counter(s).
	inferred  19 Tristate(s).
Unit <dwnldpar> synthesized.


=========================================================================
HDL Synthesis Report

Macro Statistics
# Counters                                             : 1
 2-bit up counter                                      : 1
# Registers                                            : 1
 4-bit register                                        : 1
# Latches                                              : 1
 3-bit latch                                           : 1
# Tristates                                            : 12
 1-bit tristate buffer                                 : 11
 8-bit tristate buffer                                 : 1

=========================================================================

=========================================================================
*                       Advanced HDL Synthesis                          *
=========================================================================


=========================================================================
Advanced HDL Synthesis Report

Macro Statistics
# Counters                                             : 1
 2-bit up counter                                      : 1
# Registers                                            : 4
 Flip-Flops                                            : 4
# Latches                                              : 1
 3-bit latch                                           : 1

=========================================================================

=========================================================================
*                         Low Level Synthesis                           *
=========================================================================

Optimizing unit <dwnldpar> ...

=========================================================================
*                           Partition Report                             *
=========================================================================

Partition Implementation Status
-------------------------------

  No Partitions were found in this design.

-------------------------------

=========================================================================
*                            Final Report                               *
=========================================================================
Final Results
RTL Top Level Output File Name     : dwnldpar.ngr
Top Level Output File Name         : dwnldpar
Output Format                      : NGC
Optimization Goal                  : Speed
Keep Hierarchy                     : YES
Target Technology                  : XC9500XL CPLDs
Macro Preserve                     : YES
XOR Preserve                       : YES
Clock Enable                       : YES
wysiwyg                            : NO

Design Statistics
# IOs                              : 40

Cell Usage :
# BELS                             : 10
#      GND                         : 1
#      INV                         : 6
#      OR2                         : 2
#      XOR2                        : 1
# FlipFlops/Latches                : 9
#      FD                          : 6
#      LD                          : 3
# IO Buffers                       : 40
#      IBUF                        : 14
#      OBUF                        : 7
#      OBUFE                       : 19
# Others                           : 3
#      PULLUP                      : 3
=========================================================================


Total REAL time to Xst completion: 1.00 secs
Total CPU time to Xst completion: 0.80 secs
 
--> 


Total memory usage is 123932 kilobytes

Number of errors   :    0 (   0 filtered)
Number of warnings :    1 (   0 filtered)
Number of infos    :    0 (   0 filtered)

